0 info it worked if it ends with ok
1 verbose cli [ 'C:\\Program Files\\nodejs\\node.exe',
1 verbose cli   'C:\\Program Files\\nodejs\\node_modules\\npm\\bin\\npm-cli.js',
1 verbose cli   'start' ]
2 info using npm@3.10.10
3 info using node@v6.10.1
4 verbose run-script [ 'prestart', 'start', 'poststart' ]
5 info lifecycle node-js-sample@0.2.0~prestart: node-js-sample@0.2.0
6 silly lifecycle node-js-sample@0.2.0~prestart: no script for prestart, continuing
7 info lifecycle node-js-sample@0.2.0~start: node-js-sample@0.2.0
8 verbose lifecycle node-js-sample@0.2.0~start: unsafe-perm in lifecycle true
9 verbose lifecycle node-js-sample@0.2.0~start: PATH: C:\Program Files\nodejs\node_modules\npm\bin\node-gyp-bin;D:\todo_task\Todo_Task\node_modules\.bin;C:\Program Files (x86)\Intel\iCLS Client\;C:\Program Files\Intel\iCLS Client\;C:\Windows\system32;C:\Windows;C:\Windows\System32\Wbem;C:\Windows\System32\WindowsPowerShell\v1.0\;C:\Program Files (x86)\Intel\OpenCL SDK\2.0\bin\x86;C:\Program Files (x86)\Intel\OpenCL SDK\2.0\bin\x64;C:\Program Files\Intel\Intel(R) Management Engine Components\DAL;C:\Program Files\Intel\Intel(R) Management Engine Components\IPT;C:\Program Files (x86)\Intel\Intel(R) Management Engine Components\DAL;C:\Program Files (x86)\Intel\Intel(R) Management Engine Components\IPT;C:\ffmpeg\bin;C:\Users\Acer\AppData\Local\GitHub\PortableGit_f02737a78695063deace08e96d5042710d3e32db\cmd;C:\Program Files\nodejs\;C:\Python27;C:\Python27\Scripts;C:\Users\Acer\AppData\Roaming\Python\Scripts;C:\Program Files (x86)\Skype\Phone\;C:\Users\Acer\AppData\Roaming\npm;C:\Users\Acer\AppData\Local\GitHubDesktop\bin
10 verbose lifecycle node-js-sample@0.2.0~start: CWD: D:\todo_task\Todo_Task
11 silly lifecycle node-js-sample@0.2.0~start: Args: [ '/d /s /c', 'node index.js' ]
12 silly lifecycle node-js-sample@0.2.0~start: Returned: code: 1  signal: null
13 info lifecycle node-js-sample@0.2.0~start: Failed to exec start script
14 verbose stack Error: node-js-sample@0.2.0 start: `node index.js`
14 verbose stack Exit status 1
14 verbose stack     at EventEmitter.<anonymous> (C:\Program Files\nodejs\node_modules\npm\lib\utils\lifecycle.js:255:16)
14 verbose stack     at emitTwo (events.js:106:13)
14 verbose stack     at EventEmitter.emit (events.js:191:7)
14 verbose stack     at ChildProcess.<anonymous> (C:\Program Files\nodejs\node_modules\npm\lib\utils\spawn.js:40:14)
14 verbose stack     at emitTwo (events.js:106:13)
14 verbose stack     at ChildProcess.emit (events.js:191:7)
14 verbose stack     at maybeClose (internal/child_process.js:886:16)
14 verbose stack     at Process.ChildProcess._handle.onexit (internal/child_process.js:226:5)
15 verbose pkgid node-js-sample@0.2.0
16 verbose cwd D:\todo_task\Todo_Task
17 error Windows_NT 6.1.7600
18 error argv "C:\\Program Files\\nodejs\\node.exe" "C:\\Program Files\\nodejs\\node_modules\\npm\\bin\\npm-cli.js" "start"
19 error node v6.10.1
20 error npm  v3.10.10
21 error code ELIFECYCLE
22 error node-js-sample@0.2.0 start: `node index.js`
22 error Exit status 1
23 error Failed at the node-js-sample@0.2.0 start script 'node index.js'.
23 error Make sure you have the latest version of node.js and npm installed.
23 error If you do, this is most likely a problem with the node-js-sample package,
23 error not with npm itself.
23 error Tell the author that this fails on your system:
23 error     node index.js
23 error You can get information on how to open an issue for this project with:
23 error     npm bugs node-js-sample
23 error Or if that isn't available, you can get their info via:
23 error     npm owner ls node-js-sample
23 error There is likely additional logging output above.
24 verbose exit [ 1, true ]
